[debug] [2023-05-13T18:08:42.927Z] ----------------------------------------------------------------------
[debug] [2023-05-13T18:08:42.929Z] Command:       C:\Program Files\nodejs\node.exe C:\Users\ASUS\AppData\Roaming\npm\node_modules\firebase-tools\lib\bin\firebase.js init
[debug] [2023-05-13T18:08:42.929Z] CLI Version:   11.19.0
[debug] [2023-05-13T18:08:42.929Z] Platform:      win32
[debug] [2023-05-13T18:08:42.929Z] Node Version:  v18.12.1
[debug] [2023-05-13T18:08:42.930Z] Time:          Sun May 14 2023 01:08:42 GMT+0700 (Indochina Time)
[debug] [2023-05-13T18:08:42.930Z] ----------------------------------------------------------------------
[debug] 
[debug] [2023-05-13T18:08:43.007Z] > command requires scopes: ["email","openid","https://www.googleapis.com/auth/cloudplatformprojects.readonly","https://www.googleapis.com/auth/firebase","https://www.googleapis.com/auth/cloud-platform"]
[debug] [2023-05-13T18:08:43.008Z] > authorizing via signed-in user (trangiauu@gmail.com)
[info] 
     ######## #### ########  ######## ########     ###     ######  ########
     ##        ##  ##     ## ##       ##     ##  ##   ##  ##       ##
     ######    ##  ########  ######   ########  #########  ######  ######
     ##        ##  ##    ##  ##       ##     ## ##     ##       ## ##
     ##       #### ##     ## ######## ########  ##     ##  ######  ########

You're about to initialize a Firebase project in this directory:

  C:\Users\ASUS

Before we get started, keep in mind:

  * You are initializing within an existing Firebase project directory

[info] 
=== Project Setup
[info] 
[info] First, let's associate this project directory with a Firebase project.
[info] You can create multiple project aliases by running firebase use --add, 
[info] but for now we'll just set up a default project.
[info] 
[debug] [2023-05-13T18:08:55.179Z] Using project from CLI flag: heart-f7022
[debug] [2023-05-13T18:08:55.183Z] >>> [apiv2][query] GET https://firebase.googleapis.com/v1beta1/projects/heart-f7022 [none]
[debug] [2023-05-13T18:08:56.226Z] <<< [apiv2][status] GET https://firebase.googleapis.com/v1beta1/projects/heart-f7022 200
[debug] [2023-05-13T18:08:56.227Z] <<< [apiv2][body] GET https://firebase.googleapis.com/v1beta1/projects/heart-f7022 {"projectId":"heart-f7022","projectNumber":"559213527085","displayName":"Heart","name":"projects/heart-f7022","resources":{"hostingSite":"heart-f7022"},"state":"ACTIVE","etag":"1_12dc5c57-9361-43e1-b6f1-08626ba3ccc9"}
[info] i  Using project heart-f7022 (Heart) 
[info] 
=== Hosting Setup
[info] 
[info] Your public directory is the folder (relative to your project directory) that
[info] will contain Hosting assets to be uploaded with firebase deploy. If you
[info] have a build process for your assets, use your build's output directory.
[info] 
[debug] [2023-05-13T18:09:37.596Z] >>> [apiv2][query] GET https://www.gstatic.com/firebasejs/releases.json [none]
[debug] [2023-05-13T18:09:37.772Z] <<< [apiv2][status] GET https://www.gstatic.com/firebasejs/releases.json 200
[debug] [2023-05-13T18:09:37.773Z] <<< [apiv2][body] GET https://www.gstatic.com/firebasejs/releases.json {"current":{"version":"9.22.0","browserURL":"https://www.gstatic.com/firebasejs/9.22.0/firebase.js","packageURL":"https://www.gstatic.com/firebasejs/9.22.0/firebase.tgz"},"live":{"version":"9.22","browserURL":"https://www.gstatic.com/firebasejs/live/9.22/firebase.js","packageURL":"https://www.gstatic.com/firebasejs/live/9.22/firebase.tgz"},"components":{"analytics":"https://www.gstatic.com/firebasejs/9.22.0/firebase-analytics.js","app":"https://www.gstatic.com/firebasejs/9.22.0/firebase-app.js","app-check":"https://www.gstatic.com/firebasejs/9.22.0/firebase-app-check.js","auth":"https://www.gstatic.com/firebasejs/9.22.0/firebase-auth.js","auth/cordova":"https://www.gstatic.com/firebasejs/9.22.0/firebase-auth/cordova.js","auth/react-native":"https://www.gstatic.com/firebasejs/9.22.0/firebase-auth/react-native.js","functions":"https://www.gstatic.com/firebasejs/9.22.0/firebase-functions.js","firestore":"https://www.gstatic.com/firebasejs/9.22.0/firebase-firestore.js","firestore/lite":"https://www.gstatic.com/firebasejs/9.22.0/firebase-firestore/lite.js","installations":"https://www.gstatic.com/firebasejs/9.22.0/firebase-installations.js","storage":"https://www.gstatic.com/firebasejs/9.22.0/firebase-storage.js","performance":"https://www.gstatic.com/firebasejs/9.22.0/firebase-performance.js","remote-config":"https://www.gstatic.com/firebasejs/9.22.0/firebase-remote-config.js","messaging":"https://www.gstatic.com/firebasejs/9.22.0/firebase-messaging.js","messaging/sw":"https://www.gstatic.com/firebasejs/9.22.0/firebase-messaging/sw.js","database":"https://www.gstatic.com/firebasejs/9.22.0/firebase-database.js","firestore.memory":"https://www.gstatic.com/firebasejs/9.22.0/firebase-firestore.memory.js"}}
[info] i  Skipping write of public/birthday/index.html 
[info] 
[info] i  Detected a .git folder at C:\Users\ASUS 
[info] i  Authorizing with GitHub to upload your service account to a GitHub repository's secrets store. 
[info] 
[info] Visit this URL on this device to log in:
[info] https://github.com/login/oauth/authorize?client_id=89cf50f02ac6aaed3484&state=799621960&redirect_uri=http%3A%2F%2Flocalhost%3A9005&scope=read%3Auser%20repo%20public_repo
[info] 
[info] Waiting for authentication...
[debug] [2023-05-13T18:09:41.526Z] >>> [apiv2][query] POST https://github.com/login/oauth/access_token [none]
[debug] [2023-05-13T18:09:41.526Z] >>> [apiv2][body] POST https://github.com/login/oauth/access_token [stream]
[debug] [2023-05-13T18:09:41.961Z] <<< [apiv2][status] POST https://github.com/login/oauth/access_token 200
[debug] [2023-05-13T18:09:41.961Z] <<< [apiv2][body] POST https://github.com/login/oauth/access_token {"access_token":"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","token_type":"bearer","scope":"read:user,repo"}
[debug] [2023-05-13T18:09:41.967Z] >>> [apiv2][query] GET https://api.github.com/user [none]
[debug] [2023-05-13T18:09:42.526Z] <<< [apiv2][status] GET https://api.github.com/user 200
[debug] [2023-05-13T18:09:42.527Z] <<< [apiv2][body] GET https://api.github.com/user {"login":"Guu-2","id":94950830,"node_id":"U_kgDOBajVrg","avatar_url":"https://avatars.githubusercontent.com/u/94950830?v=4","gravatar_id":"","url":"https://api.github.com/users/Guu-2","html_url":"https://github.com/Guu-2","followers_url":"https://api.github.com/users/Guu-2/followers","following_url":"https://api.github.com/users/Guu-2/following{/other_user}","gists_url":"https://api.github.com/users/Guu-2/gists{/gist_id}","starred_url":"https://api.github.com/users/Guu-2/starred{/owner}{/repo}","subscriptions_url":"https://api.github.com/users/Guu-2/subscriptions","organizations_url":"https://api.github.com/users/Guu-2/orgs","repos_url":"https://api.github.com/users/Guu-2/repos","events_url":"https://api.github.com/users/Guu-2/events{/privacy}","received_events_url":"https://api.github.com/users/Guu-2/received_events","type":"User","site_admin":false,"name":"Trần Gia Ưu","company":null,"blog":"https://www.facebook.com/guu.tran.5/","location":"Việt Nam","email":null,"hireable":null,"bio":"I am IT student in Tôn Đức Thắng University","twitter_username":"guu_tran","public_repos":2,"public_gists":0,"followers":2,"following":4,"created_at":"2021-11-24T05:41:15Z","updated_at":"2023-05-13T02:48:06Z","private_gists":0,"total_private_repos":3,"owned_private_repos":3,"disk_usage":38,"collaborators":0,"two_factor_authentication":false,"plan":{"name":"free","space":976562499,"collaborators":0,"private_repos":10000}}
[info] 
[info] +  Success! Logged into GitHub as Guu-2 
[info] 
